<?xml version="1.0" encoding="UTF-8"?>
<testng-results ignored="0" total="1" passed="1" failed="0" skipped="0">
  <reporter-output>
  </reporter-output>
  <suite started-at="2021-01-15T11:11:54Z" name="Default suite" finished-at="2021-01-15T11:12:43Z" duration-ms="49845">
    <groups>
    </groups>
    <test started-at="2021-01-15T11:11:54Z" name="Default test" finished-at="2021-01-15T11:12:43Z" duration-ms="49845">
      <class name="org.test.Amazonexe">
        <test-method is-config="true" signature="laun()[pri:0, instance:org.test.Amazonexe@2892d68]" started-at="2021-01-15T11:11:54Z" name="laun" finished-at="2021-01-15T11:12:12Z" duration-ms="18794" status="PASS">
          <reporter-output>
          </reporter-output>
        </test-method> <!-- laun -->
        <test-method is-config="true" signature="start()[pri:0, instance:org.test.Amazonexe@2892d68]" started-at="2021-01-15T11:12:12Z" name="start" finished-at="2021-01-15T11:12:12Z" duration-ms="1" status="PASS">
          <reporter-output>
          </reporter-output>
        </test-method> <!-- start -->
        <test-method signature="testcase1()[pri:0, instance:org.test.Amazonexe@2892d68]" started-at="2021-01-15T11:12:12Z" name="testcase1" finished-at="2021-01-15T11:12:42Z" duration-ms="29297" status="PASS">
          <reporter-output>
          </reporter-output>
        </test-method> <!-- testcase1 -->
        <test-method is-config="true" signature="end()[pri:0, instance:org.test.Amazonexe@2892d68]" started-at="2021-01-15T11:12:42Z" name="end" finished-at="2021-01-15T11:12:42Z" duration-ms="1" status="PASS">
          <reporter-output>
          </reporter-output>
        </test-method> <!-- end -->
        <test-method is-config="true" signature="clo()[pri:0, instance:org.test.Amazonexe@2892d68]" started-at="2021-01-15T11:12:42Z" name="clo" finished-at="2021-01-15T11:12:43Z" duration-ms="1476" status="PASS">
          <reporter-output>
          </reporter-output>
        </test-method> <!-- clo -->
      </class> <!-- org.test.Amazonexe -->
    </test> <!-- Default test -->
  </suite> <!-- Default suite -->
</testng-results>
